<?xml version="1.0" encoding="UTF-8"?>
<!-- Generated by org.testng.reporters.JUnitReportReporter -->
<testsuite hostname="DESKTOP-TL9PH17" failures="0" tests="1" name="com.TestScript.BookFilgt" time="6.742" errors="0" timestamp="2023-06-09T18:57:58 IST" skipped="0">
  <testcase classname="com.TestScript.BookFilgt" name="Book" time="6.742"/>
  <system-out/>
</testsuite> <!-- com.TestScript.BookFilgt -->
